{"C:\\Users\\Alikhon\\Downloads\\BISP_Project\\cybersafe\\frontend\\src\\tests\\jest.global-setup.js": {"path":"C:\\Users\\Alikhon\\Downloads\\BISP_Project\\cybersafe\\frontend\\src\\tests\\jest.global-setup.js","statementMap":{"0":{"start":{"line":2,"column":25},"end":{"line":2,"column":null}},"1":{"start":{"line":3,"column":13},"end":{"line":3,"column":null}},"2":{"start":{"line":4,"column":15},"end":{"line":4,"column":null}},"3":{"start":{"line":6,"column":0},"end":{"line":88,"column":null}},"4":{"start":{"line":8,"column":2},"end":{"line":8,"column":null}},"5":{"start":{"line":10,"column":2},"end":{"line":10,"column":null}},"6":{"start":{"line":13,"column":2},"end":{"line":82,"column":null}},"7":{"start":{"line":14,"column":4},"end":{"line":79,"column":null}},"8":{"start":{"line":15,"column":6},"end":{"line":15,"column":null}},"9":{"start":{"line":18,"column":21},"end":{"line":18,"column":null}},"10":{"start":{"line":21,"column":6},"end":{"line":34,"column":null}},"11":{"start":{"line":36,"column":6},"end":{"line":47,"column":null}},"12":{"start":{"line":50,"column":6},"end":{"line":71,"column":null}},"13":{"start":{"line":74,"column":6},"end":{"line":74,"column":null}},"14":{"start":{"line":75,"column":6},"end":{"line":75,"column":null}},"15":{"start":{"line":77,"column":6},"end":{"line":77,"column":null}},"16":{"start":{"line":78,"column":6},"end":{"line":78,"column":null}},"17":{"start":{"line":81,"column":4},"end":{"line":81,"column":null}},"18":{"start":{"line":85,"column":2},"end":{"line":85,"column":null}},"19":{"start":{"line":87,"column":2},"end":{"line":87,"column":null}}},"fnMap":{"0":{"name":"(anonymous_0)","decl":{"start":{"line":6,"column":17},"end":{"line":6,"column":null}},"loc":{"start":{"line":6,"column":17},"end":{"line":88,"column":null}}}},"branchMap":{"0":{"loc":{"start":{"line":13,"column":2},"end":{"line":82,"column":null}},"type":"if","locations":[{"start":{"line":13,"column":2},"end":{"line":82,"column":null}},{"start":{"line":80,"column":9},"end":{"line":82,"column":null}}]}},"s":{"0":0,"1":0,"2":0,"3":0,"4":0,"5":0,"6":0,"7":0,"8":0,"9":0,"10":0,"11":0,"12":0,"13":0,"14":0,"15":0,"16":0,"17":0,"18":0,"19":0},"f":{"0":0},"b":{"0":[0,0]}}
}
